Element I - 54 

Element Ё - 10 

Element Ў - 26 

Element А - 174 

Element Б - 18 

Element В - 26 

Element Г - 25 

Element Д - 50 

Element Е - 69 

Element Ж - 7 

Element З - 36 

Element Й - 10 

Element К - 33 

Element Л - 52 

Element М - 26 

Element Н - 72 

Element О - 40 

Element П - 31 

Element Р - 34 

Element С - 49 

Element Т - 36 

Element У - 26 

Element Х - 11 

Element Ц - 36 

Element Ч - 10 

Element Ш - 10 

Element Ы - 30 

Element Ь - 16 

Element Э - 9 

Element Ю - 7 

Element Я - 61 

