19.02.2023 18:27:22 count I  = 54 
19.02.2023 18:27:22 count Ё  = 10 
19.02.2023 18:27:22 count Ў  = 26 
19.02.2023 18:27:22 count А  = 174 
19.02.2023 18:27:22 count Б  = 18 
19.02.2023 18:27:22 count В  = 26 
19.02.2023 18:27:22 count Г  = 25 
19.02.2023 18:27:22 count Д  = 50 
19.02.2023 18:27:22 count Е  = 69 
19.02.2023 18:27:22 count Ж  = 7 
19.02.2023 18:27:22 count З  = 36 
19.02.2023 18:27:22 count Й  = 10 
19.02.2023 18:27:22 count К  = 33 
19.02.2023 18:27:22 count Л  = 52 
19.02.2023 18:27:22 count М  = 26 
19.02.2023 18:27:22 count Н  = 72 
19.02.2023 18:27:22 count О  = 40 
19.02.2023 18:27:22 count П  = 31 
19.02.2023 18:27:22 count Р  = 34 
19.02.2023 18:27:22 count С  = 49 
19.02.2023 18:27:22 count Т  = 36 
19.02.2023 18:27:22 count У  = 26 
19.02.2023 18:27:22 count Х  = 11 
19.02.2023 18:27:22 count Ц  = 36 
19.02.2023 18:27:22 count Ч  = 10 
19.02.2023 18:27:22 count Ш  = 10 
19.02.2023 18:27:22 count Ы  = 30 
19.02.2023 18:27:22 count Ь  = 16 
19.02.2023 18:27:22 count Э  = 9 
19.02.2023 18:27:22 count Ю  = 7 
19.02.2023 18:27:22 count Я  = 61 
19.02.2023 18:27:22 count 0  = 6907 
19.02.2023 18:27:22 count 1  = 4911 
19.02.2023 18:27:22 count A  = 29 
19.02.2023 18:27:22 count B  = 5 
19.02.2023 18:27:22 count C  = 9 
19.02.2023 18:27:22 count D  = 12 
19.02.2023 18:27:22 count E  = 42 
19.02.2023 18:27:22 count F  = 3 
19.02.2023 18:27:22 count G  = 7 
19.02.2023 18:27:22 count H  = 12 
19.02.2023 18:27:22 count I  = 22 
19.02.2023 18:27:22 count K  = 4 
19.02.2023 18:27:22 count L  = 18 
19.02.2023 18:27:22 count M  = 9 
19.02.2023 18:27:22 count N  = 26 
19.02.2023 18:27:22 count O  = 18 
19.02.2023 18:27:22 count P  = 5 
19.02.2023 18:27:22 count R  = 23 
19.02.2023 18:27:22 count S  = 22 
19.02.2023 18:27:22 count T  = 19 
19.02.2023 18:27:22 count U  = 9 
19.02.2023 18:27:22 count V  = 3 
19.02.2023 18:27:22 count W  = 6 
19.02.2023 18:27:22 count Y  = 2 
19.02.2023 18:27:22 count 0  = 7759 
19.02.2023 18:27:22 count 1  = 6194 
19.02.2023 18:29:06 count I  = 54 
19.02.2023 18:29:06 count Ё  = 10 
19.02.2023 18:29:06 count Ў  = 26 
19.02.2023 18:29:06 count А  = 174 
19.02.2023 18:29:06 count Б  = 18 
19.02.2023 18:29:06 count В  = 26 
19.02.2023 18:29:06 count Г  = 25 
19.02.2023 18:29:06 count Д  = 50 
19.02.2023 18:29:06 count Е  = 69 
19.02.2023 18:29:06 count Ж  = 7 
19.02.2023 18:29:06 count З  = 36 
19.02.2023 18:29:06 count Й  = 10 
19.02.2023 18:29:06 count К  = 33 
19.02.2023 18:29:06 count Л  = 52 
19.02.2023 18:29:06 count М  = 26 
19.02.2023 18:29:06 count Н  = 72 
19.02.2023 18:29:06 count О  = 40 
19.02.2023 18:29:06 count П  = 31 
19.02.2023 18:29:06 count Р  = 34 
19.02.2023 18:29:06 count С  = 49 
19.02.2023 18:29:06 count Т  = 36 
19.02.2023 18:29:06 count У  = 26 
19.02.2023 18:29:06 count Х  = 11 
19.02.2023 18:29:06 count Ц  = 36 
19.02.2023 18:29:06 count Ч  = 10 
19.02.2023 18:29:06 count Ш  = 10 
19.02.2023 18:29:06 count Ы  = 30 
19.02.2023 18:29:06 count Ь  = 16 
19.02.2023 18:29:06 count Э  = 9 
19.02.2023 18:29:06 count Ю  = 7 
19.02.2023 18:29:06 count Я  = 61 
19.02.2023 18:29:06 count 0  = 6907 
19.02.2023 18:29:06 count 1  = 4911 
19.02.2023 18:29:06 count A  = 29 
19.02.2023 18:29:06 count B  = 5 
19.02.2023 18:29:06 count C  = 9 
19.02.2023 18:29:06 count D  = 12 
19.02.2023 18:29:06 count E  = 42 
19.02.2023 18:29:06 count F  = 3 
19.02.2023 18:29:06 count G  = 7 
19.02.2023 18:29:06 count H  = 12 
19.02.2023 18:29:06 count I  = 22 
19.02.2023 18:29:06 count K  = 4 
19.02.2023 18:29:06 count L  = 18 
19.02.2023 18:29:06 count M  = 9 
19.02.2023 18:29:06 count N  = 26 
19.02.2023 18:29:06 count O  = 18 
19.02.2023 18:29:06 count P  = 5 
19.02.2023 18:29:06 count R  = 23 
19.02.2023 18:29:06 count S  = 22 
19.02.2023 18:29:06 count T  = 19 
19.02.2023 18:29:06 count U  = 9 
19.02.2023 18:29:06 count V  = 3 
19.02.2023 18:29:06 count W  = 6 
19.02.2023 18:29:06 count Y  = 2 
19.02.2023 18:29:06 count 0  = 7759 
19.02.2023 18:29:06 count 1  = 6194 
20.02.2023 07:57:53 count I  = 54 
20.02.2023 07:57:53 count Ё  = 10 
20.02.2023 07:57:53 count Ў  = 26 
20.02.2023 07:57:53 count А  = 174 
20.02.2023 07:57:53 count Б  = 18 
20.02.2023 07:57:53 count В  = 26 
20.02.2023 07:57:53 count Г  = 25 
20.02.2023 07:57:53 count Д  = 50 
20.02.2023 07:57:53 count Е  = 69 
20.02.2023 07:57:53 count Ж  = 7 
20.02.2023 07:57:53 count З  = 36 
20.02.2023 07:57:53 count Й  = 10 
20.02.2023 07:57:53 count К  = 33 
20.02.2023 07:57:53 count Л  = 52 
20.02.2023 07:57:53 count М  = 26 
20.02.2023 07:57:53 count Н  = 72 
20.02.2023 07:57:53 count О  = 40 
20.02.2023 07:57:53 count П  = 31 
20.02.2023 07:57:53 count Р  = 34 
20.02.2023 07:57:53 count С  = 49 
20.02.2023 07:57:53 count Т  = 36 
20.02.2023 07:57:53 count У  = 26 
20.02.2023 07:57:53 count Х  = 11 
20.02.2023 07:57:53 count Ц  = 36 
20.02.2023 07:57:53 count Ч  = 10 
20.02.2023 07:57:53 count Ш  = 10 
20.02.2023 07:57:53 count Ы  = 30 
20.02.2023 07:57:53 count Ь  = 16 
20.02.2023 07:57:53 count Э  = 9 
20.02.2023 07:57:53 count Ю  = 7 
20.02.2023 07:57:53 count Я  = 61 
20.02.2023 07:57:53 count 0  = 6907 
20.02.2023 07:57:53 count 1  = 4911 
20.02.2023 07:57:53 count A  = 29 
20.02.2023 07:57:53 count B  = 5 
20.02.2023 07:57:53 count C  = 9 
20.02.2023 07:57:53 count D  = 12 
20.02.2023 07:57:53 count E  = 42 
20.02.2023 07:57:53 count F  = 3 
20.02.2023 07:57:53 count G  = 7 
20.02.2023 07:57:53 count H  = 12 
20.02.2023 07:57:53 count I  = 22 
20.02.2023 07:57:53 count K  = 4 
20.02.2023 07:57:53 count L  = 18 
20.02.2023 07:57:53 count M  = 9 
20.02.2023 07:57:53 count N  = 26 
20.02.2023 07:57:53 count O  = 18 
20.02.2023 07:57:53 count P  = 5 
20.02.2023 07:57:53 count R  = 23 
20.02.2023 07:57:53 count S  = 22 
20.02.2023 07:57:53 count T  = 19 
20.02.2023 07:57:53 count U  = 9 
20.02.2023 07:57:53 count V  = 3 
20.02.2023 07:57:53 count W  = 6 
20.02.2023 07:57:53 count Y  = 2 
20.02.2023 07:57:53 count 0  = 7759 
20.02.2023 07:57:53 count 1  = 6194 
20.02.2023 08:56:11 count I  = 54 
20.02.2023 08:56:11 count Ё  = 10 
20.02.2023 08:56:11 count Ў  = 26 
20.02.2023 08:56:11 count А  = 174 
20.02.2023 08:56:11 count Б  = 18 
20.02.2023 08:56:11 count В  = 26 
20.02.2023 08:56:11 count Г  = 25 
20.02.2023 08:56:11 count Д  = 50 
20.02.2023 08:56:11 count Е  = 69 
20.02.2023 08:56:11 count Ж  = 7 
20.02.2023 08:56:11 count З  = 36 
20.02.2023 08:56:11 count Й  = 10 
20.02.2023 08:56:11 count К  = 33 
20.02.2023 08:56:11 count Л  = 52 
20.02.2023 08:56:11 count М  = 26 
20.02.2023 08:56:11 count Н  = 72 
20.02.2023 08:56:11 count О  = 40 
20.02.2023 08:56:11 count П  = 31 
20.02.2023 08:56:11 count Р  = 34 
20.02.2023 08:56:11 count С  = 49 
20.02.2023 08:56:11 count Т  = 36 
20.02.2023 08:56:11 count У  = 26 
20.02.2023 08:56:11 count Х  = 11 
20.02.2023 08:56:11 count Ц  = 36 
20.02.2023 08:56:11 count Ч  = 10 
20.02.2023 08:56:11 count Ш  = 10 
20.02.2023 08:56:11 count Ы  = 30 
20.02.2023 08:56:11 count Ь  = 16 
20.02.2023 08:56:11 count Э  = 9 
20.02.2023 08:56:11 count Ю  = 7 
20.02.2023 08:56:11 count Я  = 61 
20.02.2023 08:56:11 count 0  = 6907 
20.02.2023 08:56:11 count 1  = 4911 
20.02.2023 08:56:11 count A  = 29 
20.02.2023 08:56:11 count B  = 5 
20.02.2023 08:56:11 count C  = 9 
20.02.2023 08:56:11 count D  = 12 
20.02.2023 08:56:11 count E  = 42 
20.02.2023 08:56:11 count F  = 3 
20.02.2023 08:56:11 count G  = 7 
20.02.2023 08:56:11 count H  = 12 
20.02.2023 08:56:11 count I  = 22 
20.02.2023 08:56:11 count K  = 4 
20.02.2023 08:56:11 count L  = 18 
20.02.2023 08:56:11 count M  = 9 
20.02.2023 08:56:11 count N  = 26 
20.02.2023 08:56:11 count O  = 18 
20.02.2023 08:56:11 count P  = 5 
20.02.2023 08:56:11 count R  = 23 
20.02.2023 08:56:11 count S  = 22 
20.02.2023 08:56:11 count T  = 19 
20.02.2023 08:56:11 count U  = 9 
20.02.2023 08:56:11 count V  = 3 
20.02.2023 08:56:11 count W  = 6 
20.02.2023 08:56:11 count Y  = 2 
20.02.2023 08:56:11 count 0  = 7759 
20.02.2023 08:56:11 count 1  = 6194 
10.03.2023 00:48:54 count I  = 54 
10.03.2023 00:48:54 count Ё  = 10 
10.03.2023 00:48:54 count Ў  = 26 
10.03.2023 00:48:54 count А  = 174 
10.03.2023 00:48:54 count Б  = 18 
10.03.2023 00:48:54 count В  = 26 
10.03.2023 00:48:54 count Г  = 25 
10.03.2023 00:48:54 count Д  = 50 
10.03.2023 00:48:54 count Е  = 69 
10.03.2023 00:48:54 count Ж  = 7 
10.03.2023 00:48:54 count З  = 36 
10.03.2023 00:48:54 count Й  = 10 
10.03.2023 00:48:54 count К  = 33 
10.03.2023 00:48:54 count Л  = 52 
10.03.2023 00:48:54 count М  = 26 
10.03.2023 00:48:54 count Н  = 72 
10.03.2023 00:48:54 count О  = 40 
10.03.2023 00:48:54 count П  = 31 
10.03.2023 00:48:54 count Р  = 34 
10.03.2023 00:48:54 count С  = 49 
10.03.2023 00:48:54 count Т  = 36 
10.03.2023 00:48:54 count У  = 26 
10.03.2023 00:48:54 count Х  = 11 
10.03.2023 00:48:54 count Ц  = 36 
10.03.2023 00:48:54 count Ч  = 10 
10.03.2023 00:48:54 count Ш  = 10 
10.03.2023 00:48:54 count Ы  = 30 
10.03.2023 00:48:54 count Ь  = 16 
10.03.2023 00:48:54 count Э  = 9 
10.03.2023 00:48:54 count Ю  = 7 
10.03.2023 00:48:54 count Я  = 61 
10.03.2023 00:48:54 count 0  = 6907 
10.03.2023 00:48:54 count 1  = 4911 
10.03.2023 00:48:54 count A  = 29 
10.03.2023 00:48:54 count B  = 5 
10.03.2023 00:48:54 count C  = 9 
10.03.2023 00:48:54 count D  = 12 
10.03.2023 00:48:54 count E  = 42 
10.03.2023 00:48:54 count F  = 3 
10.03.2023 00:48:54 count G  = 7 
10.03.2023 00:48:54 count H  = 12 
10.03.2023 00:48:54 count I  = 22 
10.03.2023 00:48:54 count K  = 4 
10.03.2023 00:48:54 count L  = 18 
10.03.2023 00:48:54 count M  = 9 
10.03.2023 00:48:54 count N  = 26 
10.03.2023 00:48:54 count O  = 18 
10.03.2023 00:48:54 count P  = 5 
10.03.2023 00:48:54 count R  = 23 
10.03.2023 00:48:54 count S  = 22 
10.03.2023 00:48:54 count T  = 19 
10.03.2023 00:48:54 count U  = 9 
10.03.2023 00:48:54 count V  = 3 
10.03.2023 00:48:54 count W  = 6 
10.03.2023 00:48:54 count Y  = 2 
10.03.2023 00:48:54 count 0  = 7759 
10.03.2023 00:48:54 count 1  = 6194 
10.03.2023 01:12:29 count I  = 54 
10.03.2023 01:12:29 count Ё  = 10 
10.03.2023 01:12:29 count Ў  = 26 
10.03.2023 01:12:29 count А  = 174 
10.03.2023 01:12:29 count Б  = 18 
10.03.2023 01:12:29 count В  = 26 
10.03.2023 01:12:29 count Г  = 25 
10.03.2023 01:12:29 count Д  = 50 
10.03.2023 01:12:29 count Е  = 69 
10.03.2023 01:12:29 count Ж  = 7 
10.03.2023 01:12:29 count З  = 36 
10.03.2023 01:12:29 count Й  = 10 
10.03.2023 01:12:29 count К  = 33 
10.03.2023 01:12:29 count Л  = 52 
10.03.2023 01:12:29 count М  = 26 
10.03.2023 01:12:29 count Н  = 72 
10.03.2023 01:12:29 count О  = 40 
10.03.2023 01:12:29 count П  = 31 
10.03.2023 01:12:29 count Р  = 34 
10.03.2023 01:12:29 count С  = 49 
10.03.2023 01:12:29 count Т  = 36 
10.03.2023 01:12:29 count У  = 26 
10.03.2023 01:12:29 count Х  = 11 
10.03.2023 01:12:29 count Ц  = 36 
10.03.2023 01:12:29 count Ч  = 10 
10.03.2023 01:12:29 count Ш  = 10 
10.03.2023 01:12:29 count Ы  = 30 
10.03.2023 01:12:29 count Ь  = 16 
10.03.2023 01:12:29 count Э  = 9 
10.03.2023 01:12:29 count Ю  = 7 
10.03.2023 01:12:29 count Я  = 61 
10.03.2023 01:12:29 count 0  = 6907 
10.03.2023 01:12:29 count 1  = 4911 
10.03.2023 01:12:29 count A  = 29 
10.03.2023 01:12:29 count B  = 5 
10.03.2023 01:12:29 count C  = 9 
10.03.2023 01:12:29 count D  = 12 
10.03.2023 01:12:29 count E  = 42 
10.03.2023 01:12:29 count F  = 3 
10.03.2023 01:12:29 count G  = 7 
10.03.2023 01:12:29 count H  = 12 
10.03.2023 01:12:29 count I  = 22 
10.03.2023 01:12:29 count K  = 4 
10.03.2023 01:12:29 count L  = 18 
10.03.2023 01:12:29 count M  = 9 
10.03.2023 01:12:29 count N  = 26 
10.03.2023 01:12:29 count O  = 18 
10.03.2023 01:12:29 count P  = 5 
10.03.2023 01:12:29 count R  = 23 
10.03.2023 01:12:29 count S  = 22 
10.03.2023 01:12:29 count T  = 19 
10.03.2023 01:12:29 count U  = 9 
10.03.2023 01:12:29 count V  = 3 
10.03.2023 01:12:29 count W  = 6 
10.03.2023 01:12:29 count Y  = 2 
10.03.2023 01:12:29 count 0  = 7759 
10.03.2023 01:12:29 count 1  = 6194 
10.03.2023 01:35:31 count I  = 54 
10.03.2023 01:35:31 count Ё  = 10 
10.03.2023 01:35:31 count Ў  = 26 
10.03.2023 01:35:31 count А  = 174 
10.03.2023 01:35:31 count Б  = 18 
10.03.2023 01:35:31 count В  = 26 
10.03.2023 01:35:31 count Г  = 25 
10.03.2023 01:35:31 count Д  = 50 
10.03.2023 01:35:31 count Е  = 69 
10.03.2023 01:35:31 count Ж  = 7 
10.03.2023 01:35:31 count З  = 36 
10.03.2023 01:35:31 count Й  = 10 
10.03.2023 01:35:31 count К  = 33 
10.03.2023 01:35:31 count Л  = 52 
10.03.2023 01:35:31 count М  = 26 
10.03.2023 01:35:31 count Н  = 72 
10.03.2023 01:35:31 count О  = 40 
10.03.2023 01:35:31 count П  = 31 
10.03.2023 01:35:31 count Р  = 34 
10.03.2023 01:35:31 count С  = 49 
10.03.2023 01:35:31 count Т  = 36 
10.03.2023 01:35:31 count У  = 26 
10.03.2023 01:35:31 count Х  = 11 
10.03.2023 01:35:31 count Ц  = 36 
10.03.2023 01:35:31 count Ч  = 10 
10.03.2023 01:35:31 count Ш  = 10 
10.03.2023 01:35:31 count Ы  = 30 
10.03.2023 01:35:31 count Ь  = 16 
10.03.2023 01:35:31 count Э  = 9 
10.03.2023 01:35:31 count Ю  = 7 
10.03.2023 01:35:31 count Я  = 61 
10.03.2023 01:35:31 count 0  = 6907 
10.03.2023 01:35:31 count 1  = 4911 
10.03.2023 01:35:31 count A  = 29 
10.03.2023 01:35:31 count B  = 5 
10.03.2023 01:35:31 count C  = 9 
10.03.2023 01:35:31 count D  = 12 
10.03.2023 01:35:31 count E  = 42 
10.03.2023 01:35:31 count F  = 3 
10.03.2023 01:35:31 count G  = 7 
10.03.2023 01:35:31 count H  = 12 
10.03.2023 01:35:31 count I  = 22 
10.03.2023 01:35:31 count K  = 4 
10.03.2023 01:35:31 count L  = 18 
10.03.2023 01:35:31 count M  = 9 
10.03.2023 01:35:31 count N  = 26 
10.03.2023 01:35:31 count O  = 18 
10.03.2023 01:35:31 count P  = 5 
10.03.2023 01:35:31 count R  = 23 
10.03.2023 01:35:31 count S  = 22 
10.03.2023 01:35:31 count T  = 19 
10.03.2023 01:35:31 count U  = 9 
10.03.2023 01:35:31 count V  = 3 
10.03.2023 01:35:31 count W  = 6 
10.03.2023 01:35:31 count Y  = 2 
10.03.2023 01:35:31 count 0  = 7759 
10.03.2023 01:35:31 count 1  = 6194 
