Element 
 - 8 

Element  - 8 

Element   - 151 

Element ! - 2 

Element " - 2 

Element ' - 1 

Element , - 9 

Element - - 4 

Element . - 15 

Element : - 2 

Element ? - 4 

Element а - 14 

Element б - 6 

Element в - 22 

Element г - 8 

Element д - 4 

Element е - 6 

Element ж - 118 

Element з - 17 

Element й - 16 

Element к - 28 

Element л - 34 

Element м - 4 

Element н - 12 

Element о - 27 

Element п - 37 

Element р - 13 

Element с - 26 

Element т - 19 

Element у - 26 

Element ф - 31 

Element х - 15 

Element ц - 25 

Element ч - 25 

Element ш - 20 

Element ы - 14 

Element ь - 8 

Element ю - 2 

Element я - 42 

Element ё - 24 

Element і - 17 

Element ў - 33 

