Element 
 - 9 

Element  - 9 

Element   - 151 

Element ! - 2 

Element " - 2 

Element ' - 1 

Element , - 9 

Element - - 4 

Element . - 15 

Element : - 2 

Element ? - 4 

Element а - 118 

Element б - 17 

Element в - 17 

Element г - 16 

Element д - 28 

Element е - 34 

Element ж - 12 

Element з - 27 

Element й - 13 

Element к - 26 

Element л - 19 

Element м - 26 

Element н - 33 

Element о - 31 

Element п - 15 

Element р - 25 

Element с - 25 

Element т - 20 

Element у - 14 

Element х - 2 

Element ц - 42 

Element ч - 14 

Element ш - 6 

Element ы - 22 

Element ь - 8 

Element э - 4 

Element ю - 6 

Element я - 24 

Element ё - 4 

Element і - 37 

Element ў - 8 

