Element 
 - 8 

Element  - 8 

Element   - 151 

Element ! - 2 

Element " - 2 

Element ' - 1 

Element , - 9 

Element - - 4 

Element . - 15 

Element : - 2 

Element ? - 4 

Element а - 22 

Element б - 33 

Element в - 118 

Element г - 25 

Element д - 42 

Element е - 24 

Element ж - 17 

Element з - 16 

Element й - 34 

Element к - 4 

Element л - 12 

Element м - 27 

Element н - 6 

Element о - 37 

Element п - 13 

Element р - 26 

Element с - 8 

Element т - 19 

Element у - 26 

Element ф - 15 

Element х - 25 

Element ц - 4 

Element ч - 20 

Element ш - 14 

Element ы - 8 

Element э - 2 

Element ю - 14 

Element я - 6 

Element ё - 17 

Element і - 28 

Element ў - 31 

